INFO:     Will watch for changes in these directories: ['/workspace/NoiseOpt']
INFO:     Uvicorn running on http://0.0.0.0:8000 (Press CTRL+C to quit)
INFO:     Started reloader process [17752] using StatReload
INFO:     Started server process [17769]
INFO:     Waiting for application startup.
INFO:     Application startup complete.
INFO:     127.0.0.1:50656 - "GET /static/settings.html HTTP/1.1" 200 OK
INFO:     127.0.0.1:50656 - "GET /static/css/style.css HTTP/1.1" 304 Not Modified
INFO:     127.0.0.1:50656 - "GET /api/settings HTTP/1.1" 200 OK
INFO:     127.0.0.1:50656 - "GET /api/lora/list HTTP/1.1" 200 OK
INFO:     127.0.0.1:44742 - "POST /api/settings/save HTTP/1.1" 200 OK
WARNING:  StatReload detected changes in 'app.py'. Reloading...
INFO:     Shutting down
INFO:     Waiting for application shutdown.
INFO:     Application shutdown complete.
INFO:     Finished server process [17769]
INFO:     Started server process [17988]
INFO:     Waiting for application startup.
INFO:     Application startup complete.
WARNING:  StatReload detected changes in 'app.py'. Reloading...
INFO:     Shutting down
INFO:     Waiting for application shutdown.
INFO:     Application shutdown complete.
INFO:     Finished server process [17988]
2025-08-20 13:33:13,253 - app - INFO - 系统数据加载完成
INFO:     Started server process [18126]
INFO:     Waiting for application startup.
INFO:     Application startup complete.
WARNING:  StatReload detected changes in 'app.py'. Reloading...
INFO:     Shutting down
INFO:     Waiting for application shutdown.
INFO:     Application shutdown complete.
INFO:     Finished server process [18126]
2025-08-20 13:37:16,752 - app - INFO - 系统数据加载完成
INFO:     Started server process [18241]
INFO:     Waiting for application startup.
INFO:     Application startup complete.
WARNING:  StatReload detected changes in 'app.py'. Reloading...
INFO:     Shutting down
INFO:     Waiting for application shutdown.
INFO:     Application shutdown complete.
INFO:     Finished server process [18241]
2025-08-20 13:44:11,151 - app - INFO - 开始加载系统初始数据
2025-08-20 13:44:11,151 - app - INFO - 系统数据加载完成
2025-08-20 13:44:11,151 - app - INFO - 开始生成评估队列
2025-08-20 13:44:11,161 - app - ERROR - 生成评估队列失败: Extra data: line 2 column 1 (char 80)
2025-08-20 13:44:11,161 - app - CRITICAL - 系统初始化失败: Extra data: line 2 column 1 (char 80)
Process SpawnProcess-5:
Traceback (most recent call last):
  File "/usr/local/miniconda3/envs/py312/lib/python3.12/multiprocessing/process.py", line 314, in _bootstrap
    self.run()
  File "/usr/local/miniconda3/envs/py312/lib/python3.12/multiprocessing/process.py", line 108, in run
    self._target(*self._args, **self._kwargs)
  File "/usr/local/miniconda3/envs/py312/lib/python3.12/site-packages/uvicorn/_subprocess.py", line 80, in subprocess_started
    target(sockets=sockets)
  File "/usr/local/miniconda3/envs/py312/lib/python3.12/site-packages/uvicorn/server.py", line 67, in run
    return asyncio.run(self.serve(sockets=sockets))
           ^^^^^^^^^^^^^^^^^^^^^^^^^^^^^^^^^^^^^^^^
  File "/usr/local/miniconda3/envs/py312/lib/python3.12/asyncio/runners.py", line 195, in run
    return runner.run(main)
           ^^^^^^^^^^^^^^^^
  File "/usr/local/miniconda3/envs/py312/lib/python3.12/asyncio/runners.py", line 118, in run
    return self._loop.run_until_complete(task)
           ^^^^^^^^^^^^^^^^^^^^^^^^^^^^^^^^^^^
  File "/usr/local/miniconda3/envs/py312/lib/python3.12/asyncio/base_events.py", line 691, in run_until_complete
    return future.result()
           ^^^^^^^^^^^^^^^
  File "/usr/local/miniconda3/envs/py312/lib/python3.12/site-packages/uvicorn/server.py", line 71, in serve
    await self._serve(sockets)
  File "/usr/local/miniconda3/envs/py312/lib/python3.12/site-packages/uvicorn/server.py", line 78, in _serve
    config.load()
  File "/usr/local/miniconda3/envs/py312/lib/python3.12/site-packages/uvicorn/config.py", line 436, in load
    self.loaded_app = import_from_string(self.app)
                      ^^^^^^^^^^^^^^^^^^^^^^^^^^^^
  File "/usr/local/miniconda3/envs/py312/lib/python3.12/site-packages/uvicorn/importer.py", line 19, in import_from_string
    module = importlib.import_module(module_str)
             ^^^^^^^^^^^^^^^^^^^^^^^^^^^^^^^^^^^
  File "/usr/local/miniconda3/envs/py312/lib/python3.12/importlib/__init__.py", line 90, in import_module
    return _bootstrap._gcd_import(name[level:], package, level)
           ^^^^^^^^^^^^^^^^^^^^^^^^^^^^^^^^^^^^^^^^^^^^^^^^^^^^
  File "<frozen importlib._bootstrap>", line 1387, in _gcd_import
  File "<frozen importlib._bootstrap>", line 1360, in _find_and_load
  File "<frozen importlib._bootstrap>", line 1331, in _find_and_load_unlocked
  File "<frozen importlib._bootstrap>", line 935, in _load_unlocked
  File "<frozen importlib._bootstrap_external>", line 999, in exec_module
  File "<frozen importlib._bootstrap>", line 488, in _call_with_frames_removed
  File "/workspace/NoiseOpt/app.py", line 192, in <module>
    generate_judge_queue()
  File "/workspace/NoiseOpt/app.py", line 156, in generate_judge_queue
    train_data = json.load(f)
                 ^^^^^^^^^^^^
  File "/usr/local/miniconda3/envs/py312/lib/python3.12/json/__init__.py", line 293, in load
    return loads(fp.read(),
           ^^^^^^^^^^^^^^^^
  File "/usr/local/miniconda3/envs/py312/lib/python3.12/json/__init__.py", line 346, in loads
    return _default_decoder.decode(s)
           ^^^^^^^^^^^^^^^^^^^^^^^^^^
  File "/usr/local/miniconda3/envs/py312/lib/python3.12/json/decoder.py", line 341, in decode
    raise JSONDecodeError("Extra data", s, end)
json.decoder.JSONDecodeError: Extra data: line 2 column 1 (char 80)
WARNING:  StatReload detected changes in 'app.py'. Reloading...
2025-08-20 13:50:51,349 - app - INFO - 开始加载系统初始数据
2025-08-20 13:50:51,350 - app - INFO - 系统数据加载完成
2025-08-20 13:50:51,350 - app - INFO - 开始生成评估队列
2025-08-20 13:50:51,359 - app - ERROR - 生成评估队列失败: Extra data: line 2 column 1 (char 80)
2025-08-20 13:50:51,359 - app - CRITICAL - 系统初始化失败: Extra data: line 2 column 1 (char 80)
Process SpawnProcess-6:
Traceback (most recent call last):
  File "/usr/local/miniconda3/envs/py312/lib/python3.12/multiprocessing/process.py", line 314, in _bootstrap
    self.run()
  File "/usr/local/miniconda3/envs/py312/lib/python3.12/multiprocessing/process.py", line 108, in run
    self._target(*self._args, **self._kwargs)
  File "/usr/local/miniconda3/envs/py312/lib/python3.12/site-packages/uvicorn/_subprocess.py", line 80, in subprocess_started
    target(sockets=sockets)
  File "/usr/local/miniconda3/envs/py312/lib/python3.12/site-packages/uvicorn/server.py", line 67, in run
    return asyncio.run(self.serve(sockets=sockets))
           ^^^^^^^^^^^^^^^^^^^^^^^^^^^^^^^^^^^^^^^^
  File "/usr/local/miniconda3/envs/py312/lib/python3.12/asyncio/runners.py", line 195, in run
    return runner.run(main)
           ^^^^^^^^^^^^^^^^
  File "/usr/local/miniconda3/envs/py312/lib/python3.12/asyncio/runners.py", line 118, in run
    return self._loop.run_until_complete(task)
           ^^^^^^^^^^^^^^^^^^^^^^^^^^^^^^^^^^^
  File "/usr/local/miniconda3/envs/py312/lib/python3.12/asyncio/base_events.py", line 691, in run_until_complete
    return future.result()
           ^^^^^^^^^^^^^^^
  File "/usr/local/miniconda3/envs/py312/lib/python3.12/site-packages/uvicorn/server.py", line 71, in serve
    await self._serve(sockets)
  File "/usr/local/miniconda3/envs/py312/lib/python3.12/site-packages/uvicorn/server.py", line 78, in _serve
    config.load()
  File "/usr/local/miniconda3/envs/py312/lib/python3.12/site-packages/uvicorn/config.py", line 436, in load
    self.loaded_app = import_from_string(self.app)
                      ^^^^^^^^^^^^^^^^^^^^^^^^^^^^
  File "/usr/local/miniconda3/envs/py312/lib/python3.12/site-packages/uvicorn/importer.py", line 19, in import_from_string
    module = importlib.import_module(module_str)
             ^^^^^^^^^^^^^^^^^^^^^^^^^^^^^^^^^^^
  File "/usr/local/miniconda3/envs/py312/lib/python3.12/importlib/__init__.py", line 90, in import_module
    return _bootstrap._gcd_import(name[level:], package, level)
           ^^^^^^^^^^^^^^^^^^^^^^^^^^^^^^^^^^^^^^^^^^^^^^^^^^^^
  File "<frozen importlib._bootstrap>", line 1387, in _gcd_import
  File "<frozen importlib._bootstrap>", line 1360, in _find_and_load
  File "<frozen importlib._bootstrap>", line 1331, in _find_and_load_unlocked
  File "<frozen importlib._bootstrap>", line 935, in _load_unlocked
  File "<frozen importlib._bootstrap_external>", line 999, in exec_module
  File "<frozen importlib._bootstrap>", line 488, in _call_with_frames_removed
  File "/workspace/NoiseOpt/app.py", line 192, in <module>
    generate_judge_queue()
  File "/workspace/NoiseOpt/app.py", line 156, in generate_judge_queue
    train_data = json.load(f)
                 ^^^^^^^^^^^^
  File "/usr/local/miniconda3/envs/py312/lib/python3.12/json/__init__.py", line 293, in load
    return loads(fp.read(),
           ^^^^^^^^^^^^^^^^
  File "/usr/local/miniconda3/envs/py312/lib/python3.12/json/__init__.py", line 346, in loads
    return _default_decoder.decode(s)
           ^^^^^^^^^^^^^^^^^^^^^^^^^^
  File "/usr/local/miniconda3/envs/py312/lib/python3.12/json/decoder.py", line 341, in decode
    raise JSONDecodeError("Extra data", s, end)
json.decoder.JSONDecodeError: Extra data: line 2 column 1 (char 80)
WARNING:  StatReload detected changes in 'app.py'. Reloading...
2025-08-20 13:51:07,686 - app - INFO - 开始加载系统初始数据
2025-08-20 13:51:07,686 - app - INFO - 系统数据加载完成
2025-08-20 13:51:07,686 - app - INFO - 开始生成评估队列
2025-08-20 13:51:07,696 - app - ERROR - 生成评估队列失败: Extra data: line 2 column 1 (char 80)
2025-08-20 13:51:07,696 - app - CRITICAL - 系统初始化失败: Extra data: line 2 column 1 (char 80)
Process SpawnProcess-7:
Traceback (most recent call last):
  File "/usr/local/miniconda3/envs/py312/lib/python3.12/multiprocessing/process.py", line 314, in _bootstrap
    self.run()
  File "/usr/local/miniconda3/envs/py312/lib/python3.12/multiprocessing/process.py", line 108, in run
    self._target(*self._args, **self._kwargs)
  File "/usr/local/miniconda3/envs/py312/lib/python3.12/site-packages/uvicorn/_subprocess.py", line 80, in subprocess_started
    target(sockets=sockets)
  File "/usr/local/miniconda3/envs/py312/lib/python3.12/site-packages/uvicorn/server.py", line 67, in run
    return asyncio.run(self.serve(sockets=sockets))
           ^^^^^^^^^^^^^^^^^^^^^^^^^^^^^^^^^^^^^^^^
  File "/usr/local/miniconda3/envs/py312/lib/python3.12/asyncio/runners.py", line 195, in run
    return runner.run(main)
           ^^^^^^^^^^^^^^^^
  File "/usr/local/miniconda3/envs/py312/lib/python3.12/asyncio/runners.py", line 118, in run
    return self._loop.run_until_complete(task)
           ^^^^^^^^^^^^^^^^^^^^^^^^^^^^^^^^^^^
  File "/usr/local/miniconda3/envs/py312/lib/python3.12/asyncio/base_events.py", line 691, in run_until_complete
    return future.result()
           ^^^^^^^^^^^^^^^
  File "/usr/local/miniconda3/envs/py312/lib/python3.12/site-packages/uvicorn/server.py", line 71, in serve
    await self._serve(sockets)
  File "/usr/local/miniconda3/envs/py312/lib/python3.12/site-packages/uvicorn/server.py", line 78, in _serve
    config.load()
  File "/usr/local/miniconda3/envs/py312/lib/python3.12/site-packages/uvicorn/config.py", line 436, in load
    self.loaded_app = import_from_string(self.app)
                      ^^^^^^^^^^^^^^^^^^^^^^^^^^^^
  File "/usr/local/miniconda3/envs/py312/lib/python3.12/site-packages/uvicorn/importer.py", line 19, in import_from_string
    module = importlib.import_module(module_str)
             ^^^^^^^^^^^^^^^^^^^^^^^^^^^^^^^^^^^
  File "/usr/local/miniconda3/envs/py312/lib/python3.12/importlib/__init__.py", line 90, in import_module
    return _bootstrap._gcd_import(name[level:], package, level)
           ^^^^^^^^^^^^^^^^^^^^^^^^^^^^^^^^^^^^^^^^^^^^^^^^^^^^
  File "<frozen importlib._bootstrap>", line 1387, in _gcd_import
  File "<frozen importlib._bootstrap>", line 1360, in _find_and_load
  File "<frozen importlib._bootstrap>", line 1331, in _find_and_load_unlocked
  File "<frozen importlib._bootstrap>", line 935, in _load_unlocked
  File "<frozen importlib._bootstrap_external>", line 999, in exec_module
  File "<frozen importlib._bootstrap>", line 488, in _call_with_frames_removed
  File "/workspace/NoiseOpt/app.py", line 194, in <module>
    generate_judge_queue()
  File "/workspace/NoiseOpt/app.py", line 158, in generate_judge_queue
    train_data = json.load(f)
                 ^^^^^^^^^^^^
  File "/usr/local/miniconda3/envs/py312/lib/python3.12/json/__init__.py", line 293, in load
    return loads(fp.read(),
           ^^^^^^^^^^^^^^^^
  File "/usr/local/miniconda3/envs/py312/lib/python3.12/json/__init__.py", line 346, in loads
    return _default_decoder.decode(s)
           ^^^^^^^^^^^^^^^^^^^^^^^^^^
  File "/usr/local/miniconda3/envs/py312/lib/python3.12/json/decoder.py", line 341, in decode
    raise JSONDecodeError("Extra data", s, end)
json.decoder.JSONDecodeError: Extra data: line 2 column 1 (char 80)
WARNING:  StatReload detected changes in 'app.py'. Reloading...
2025-08-20 13:51:44,686 - app - INFO - 开始加载系统初始数据
2025-08-20 13:51:44,687 - app - INFO - 系统数据加载完成
2025-08-20 13:51:44,687 - app - INFO - 开始生成评估队列
2025-08-20 13:51:44,695 - app - ERROR - 生成评估队列失败: Extra data: line 2 column 1 (char 80)
2025-08-20 13:51:44,695 - app - CRITICAL - 系统初始化失败: Extra data: line 2 column 1 (char 80)
Process SpawnProcess-8:
Traceback (most recent call last):
  File "/usr/local/miniconda3/envs/py312/lib/python3.12/multiprocessing/process.py", line 314, in _bootstrap
    self.run()
  File "/usr/local/miniconda3/envs/py312/lib/python3.12/multiprocessing/process.py", line 108, in run
    self._target(*self._args, **self._kwargs)
  File "/usr/local/miniconda3/envs/py312/lib/python3.12/site-packages/uvicorn/_subprocess.py", line 80, in subprocess_started
    target(sockets=sockets)
  File "/usr/local/miniconda3/envs/py312/lib/python3.12/site-packages/uvicorn/server.py", line 67, in run
    return asyncio.run(self.serve(sockets=sockets))
           ^^^^^^^^^^^^^^^^^^^^^^^^^^^^^^^^^^^^^^^^
  File "/usr/local/miniconda3/envs/py312/lib/python3.12/asyncio/runners.py", line 195, in run
    return runner.run(main)
           ^^^^^^^^^^^^^^^^
  File "/usr/local/miniconda3/envs/py312/lib/python3.12/asyncio/runners.py", line 118, in run
    return self._loop.run_until_complete(task)
           ^^^^^^^^^^^^^^^^^^^^^^^^^^^^^^^^^^^
  File "/usr/local/miniconda3/envs/py312/lib/python3.12/asyncio/base_events.py", line 691, in run_until_complete
    return future.result()
           ^^^^^^^^^^^^^^^
  File "/usr/local/miniconda3/envs/py312/lib/python3.12/site-packages/uvicorn/server.py", line 71, in serve
    await self._serve(sockets)
  File "/usr/local/miniconda3/envs/py312/lib/python3.12/site-packages/uvicorn/server.py", line 78, in _serve
    config.load()
  File "/usr/local/miniconda3/envs/py312/lib/python3.12/site-packages/uvicorn/config.py", line 436, in load
    self.loaded_app = import_from_string(self.app)
                      ^^^^^^^^^^^^^^^^^^^^^^^^^^^^
  File "/usr/local/miniconda3/envs/py312/lib/python3.12/site-packages/uvicorn/importer.py", line 19, in import_from_string
    module = importlib.import_module(module_str)
             ^^^^^^^^^^^^^^^^^^^^^^^^^^^^^^^^^^^
  File "/usr/local/miniconda3/envs/py312/lib/python3.12/importlib/__init__.py", line 90, in import_module
    return _bootstrap._gcd_import(name[level:], package, level)
           ^^^^^^^^^^^^^^^^^^^^^^^^^^^^^^^^^^^^^^^^^^^^^^^^^^^^
  File "<frozen importlib._bootstrap>", line 1387, in _gcd_import
  File "<frozen importlib._bootstrap>", line 1360, in _find_and_load
  File "<frozen importlib._bootstrap>", line 1331, in _find_and_load_unlocked
  File "<frozen importlib._bootstrap>", line 935, in _load_unlocked
  File "<frozen importlib._bootstrap_external>", line 999, in exec_module
  File "<frozen importlib._bootstrap>", line 488, in _call_with_frames_removed
  File "/workspace/NoiseOpt/app.py", line 194, in <module>
    generate_judge_queue()
  File "/workspace/NoiseOpt/app.py", line 158, in generate_judge_queue
    train_data = json.load(f)
                 ^^^^^^^^^^^^
  File "/usr/local/miniconda3/envs/py312/lib/python3.12/json/__init__.py", line 293, in load
    return loads(fp.read(),
           ^^^^^^^^^^^^^^^^
  File "/usr/local/miniconda3/envs/py312/lib/python3.12/json/__init__.py", line 346, in loads
    return _default_decoder.decode(s)
           ^^^^^^^^^^^^^^^^^^^^^^^^^^
  File "/usr/local/miniconda3/envs/py312/lib/python3.12/json/decoder.py", line 341, in decode
    raise JSONDecodeError("Extra data", s, end)
json.decoder.JSONDecodeError: Extra data: line 2 column 1 (char 80)
WARNING:  StatReload detected changes in 'app.py'. Reloading...
2025-08-20 13:52:05,606 - app - INFO - 开始加载系统初始数据
2025-08-20 13:52:05,607 - app - INFO - 系统数据加载完成
2025-08-20 13:52:05,607 - app - INFO - 开始生成评估队列
2025-08-20 13:52:05,617 - app - ERROR - 生成评估队列失败: Extra data: line 2 column 1 (char 80)
2025-08-20 13:52:05,617 - app - CRITICAL - 系统初始化失败: Extra data: line 2 column 1 (char 80)
Process SpawnProcess-9:
Traceback (most recent call last):
  File "/usr/local/miniconda3/envs/py312/lib/python3.12/multiprocessing/process.py", line 314, in _bootstrap
    self.run()
  File "/usr/local/miniconda3/envs/py312/lib/python3.12/multiprocessing/process.py", line 108, in run
    self._target(*self._args, **self._kwargs)
  File "/usr/local/miniconda3/envs/py312/lib/python3.12/site-packages/uvicorn/_subprocess.py", line 80, in subprocess_started
    target(sockets=sockets)
  File "/usr/local/miniconda3/envs/py312/lib/python3.12/site-packages/uvicorn/server.py", line 67, in run
    return asyncio.run(self.serve(sockets=sockets))
           ^^^^^^^^^^^^^^^^^^^^^^^^^^^^^^^^^^^^^^^^
  File "/usr/local/miniconda3/envs/py312/lib/python3.12/asyncio/runners.py", line 195, in run
    return runner.run(main)
           ^^^^^^^^^^^^^^^^
  File "/usr/local/miniconda3/envs/py312/lib/python3.12/asyncio/runners.py", line 118, in run
    return self._loop.run_until_complete(task)
           ^^^^^^^^^^^^^^^^^^^^^^^^^^^^^^^^^^^
  File "/usr/local/miniconda3/envs/py312/lib/python3.12/asyncio/base_events.py", line 691, in run_until_complete
    return future.result()
           ^^^^^^^^^^^^^^^
  File "/usr/local/miniconda3/envs/py312/lib/python3.12/site-packages/uvicorn/server.py", line 71, in serve
    await self._serve(sockets)
  File "/usr/local/miniconda3/envs/py312/lib/python3.12/site-packages/uvicorn/server.py", line 78, in _serve
    config.load()
  File "/usr/local/miniconda3/envs/py312/lib/python3.12/site-packages/uvicorn/config.py", line 436, in load
    self.loaded_app = import_from_string(self.app)
                      ^^^^^^^^^^^^^^^^^^^^^^^^^^^^
  File "/usr/local/miniconda3/envs/py312/lib/python3.12/site-packages/uvicorn/importer.py", line 19, in import_from_string
    module = importlib.import_module(module_str)
             ^^^^^^^^^^^^^^^^^^^^^^^^^^^^^^^^^^^
  File "/usr/local/miniconda3/envs/py312/lib/python3.12/importlib/__init__.py", line 90, in import_module
    return _bootstrap._gcd_import(name[level:], package, level)
           ^^^^^^^^^^^^^^^^^^^^^^^^^^^^^^^^^^^^^^^^^^^^^^^^^^^^
  File "<frozen importlib._bootstrap>", line 1387, in _gcd_import
  File "<frozen importlib._bootstrap>", line 1360, in _find_and_load
  File "<frozen importlib._bootstrap>", line 1331, in _find_and_load_unlocked
  File "<frozen importlib._bootstrap>", line 935, in _load_unlocked
  File "<frozen importlib._bootstrap_external>", line 999, in exec_module
  File "<frozen importlib._bootstrap>", line 488, in _call_with_frames_removed
  File "/workspace/NoiseOpt/app.py", line 194, in <module>
    generate_judge_queue()
  File "/workspace/NoiseOpt/app.py", line 158, in generate_judge_queue
    train_data = json.load(f)
                 ^^^^^^^^^^^^
  File "/usr/local/miniconda3/envs/py312/lib/python3.12/json/__init__.py", line 293, in load
    return loads(fp.read(),
           ^^^^^^^^^^^^^^^^
  File "/usr/local/miniconda3/envs/py312/lib/python3.12/json/__init__.py", line 346, in loads
    return _default_decoder.decode(s)
           ^^^^^^^^^^^^^^^^^^^^^^^^^^
  File "/usr/local/miniconda3/envs/py312/lib/python3.12/json/decoder.py", line 341, in decode
    raise JSONDecodeError("Extra data", s, end)
json.decoder.JSONDecodeError: Extra data: line 2 column 1 (char 80)
